<?xml version="1.0" encoding="UTF-8"?>
<!-- Generated by org.testng.reporters.JUnitXMLReporter -->
<testsuite hostname="Sparsh-Shrivastava" ignored="0" name="Test" tests="2" failures="1" timestamp="2021-11-24T19:19:30 IST" time="169.506" errors="0">
  <testcase name="AddCustomer" time="83.399" classname="Dealership.Masterdata"/>
  <testcase name="Test2" time="85.527" classname="Dealership.Masterdata">
    <failure type="java.lang.AssertionError" message="expected [1234] but found [sdasd]">
      <![CDATA[java.lang.AssertionError: expected [1234] but found [sdasd]
at Dealership.Masterdata.Test2(Masterdata.java:50)
at java.util.ArrayList.forEach(ArrayList.java:1259)
... Removed 33 stack frames]]>
    </failure>
  </testcase> <!-- Test2 -->
</testsuite> <!-- Test -->
