<?xml version="1.0" encoding="UTF-8"?>
<testsuite name="Test"
           tests="3"
           failures="0"
           errors="0"
           skipped="0"
           time="222.151">
  <properties />
  
  
            <testcase name="AddCustomer" time="70.475" classname="Dealership.Masterdata" />
                <testcase name="AddPart" time="76.203" classname="Dealership.Masterdata" />
                <testcase name="AddVendor" time="75.473" classname="Dealership.Masterdata" />
      
</testsuite>
