<?xml version="1.0" encoding="UTF-8"?>
<testng-results skipped="0" failed="0" ignored="1" total="2" passed="1">
  <reporter-output>
    <line>
      <![CDATA[Test Method is : AddVendor]]>
    </line>
    <line>
      <![CDATA[Status of execution : 1]]>
    </line>
  </reporter-output>
  <suite name="Suite" duration-ms="82098" started-at="2021-11-29T23:42:40 IST" finished-at="2021-11-29T23:44:02 IST">
    <groups>
    </groups>
    <test name="Test" duration-ms="82098" started-at="2021-11-29T23:42:40 IST" finished-at="2021-11-29T23:44:02 IST">
      <class name="Dealership.Masterdata">
        <test-method status="PASS" signature="AddVendor()[pri:0, instance:Dealership.Masterdata@31ea9581]" name="AddVendor" duration-ms="82045" started-at="2021-11-29T23:42:40 IST" finished-at="2021-11-29T23:44:02 IST">
          <reporter-output>
            <line>
              <![CDATA[Test Method is : AddVendor]]>
            </line>
            <line>
              <![CDATA[Status of execution : 1]]>
            </line>
          </reporter-output>
        </test-method> <!-- AddVendor -->
      </class> <!-- Dealership.Masterdata -->
    </test> <!-- Test -->
  </suite> <!-- Suite -->
</testng-results>
