<?xml version="1.0" encoding="UTF-8"?>
<testng-results skipped="0" failed="1" ignored="0" total="2" passed="1">
  <reporter-output>
    <line>
      <![CDATA[Test Method is : AddCustomer]]>
    </line>
    <line>
      <![CDATA[Status of execution : 1]]>
    </line>
    <line>
      <![CDATA[Test Method is : Test2]]>
    </line>
    <line>
      <![CDATA[<a title="Automation Testing" href="C:\Users\Sparsh\eclipse-workspace\DealTest\\Screenshots\Test2 - 24_11_2021 07_19_29 screenshot.png">Screenshot</a>]]>
    </line>
    <line>
      <![CDATA[Test Failed - screenshot captured for Method : Test2]]>
    </line>
    <line>
      <![CDATA[Status of execution : 2]]>
    </line>
  </reporter-output>
  <suite name="Suite" duration-ms="169506" started-at="2021-11-24T19:16:39 IST" finished-at="2021-11-24T19:19:29 IST">
    <groups>
    </groups>
    <test name="Test" duration-ms="169506" started-at="2021-11-24T19:16:39 IST" finished-at="2021-11-24T19:19:29 IST">
      <class name="Dealership.Masterdata">
        <test-method status="PASS" signature="AddCustomer()[pri:0, instance:Dealership.Masterdata@31ea9581]" name="AddCustomer" duration-ms="83399" started-at="2021-11-24T19:16:39 IST" finished-at="2021-11-24T19:18:03 IST">
          <reporter-output>
            <line>
              <![CDATA[Test Method is : AddCustomer]]>
            </line>
            <line>
              <![CDATA[Status of execution : 1]]>
            </line>
          </reporter-output>
        </test-method> <!-- AddCustomer -->
        <test-method status="FAIL" signature="Test2()[pri:0, instance:Dealership.Masterdata@31ea9581]" name="Test2" duration-ms="85527" started-at="2021-11-24T19:18:03 IST" finished-at="2021-11-24T19:19:28 IST">
          <exception class="java.lang.AssertionError">
            <message>
              <![CDATA[expected [1234] but found [sdasd]]]>
            </message>
            <full-stacktrace>
              <![CDATA[java.lang.AssertionError: expected [1234] but found [sdasd]
at org.testng.Assert.fail(Assert.java:99)
at org.testng.Assert.failNotEquals(Assert.java:1037)
at org.testng.Assert.assertEqualsImpl(Assert.java:140)
at org.testng.Assert.assertEquals(Assert.java:122)
at org.testng.Assert.assertEquals(Assert.java:629)
at org.testng.Assert.assertEquals(Assert.java:639)
at Dealership.Masterdata.Test2(Masterdata.java:50)
at sun.reflect.NativeMethodAccessorImpl.invoke0(Native Method)
at sun.reflect.NativeMethodAccessorImpl.invoke(NativeMethodAccessorImpl.java:62)
at sun.reflect.DelegatingMethodAccessorImpl.invoke(DelegatingMethodAccessorImpl.java:43)
at java.lang.reflect.Method.invoke(Method.java:498)
at org.testng.internal.MethodInvocationHelper.invokeMethod(MethodInvocationHelper.java:133)
at org.testng.internal.TestInvoker.invokeMethod(TestInvoker.java:598)
at org.testng.internal.TestInvoker.invokeTestMethod(TestInvoker.java:173)
at org.testng.internal.MethodRunner.runInSequence(MethodRunner.java:46)
at org.testng.internal.TestInvoker$MethodInvocationAgent.invoke(TestInvoker.java:824)
at org.testng.internal.TestInvoker.invokeTestMethods(TestInvoker.java:146)
at org.testng.internal.TestMethodWorker.invokeTestMethods(TestMethodWorker.java:146)
at org.testng.internal.TestMethodWorker.run(TestMethodWorker.java:128)
at java.util.ArrayList.forEach(ArrayList.java:1259)
at org.testng.TestRunner.privateRun(TestRunner.java:794)
at org.testng.TestRunner.run(TestRunner.java:596)
at org.testng.SuiteRunner.runTest(SuiteRunner.java:377)
at org.testng.SuiteRunner.runSequentially(SuiteRunner.java:371)
at org.testng.SuiteRunner.privateRun(SuiteRunner.java:332)
at org.testng.SuiteRunner.run(SuiteRunner.java:276)
at org.testng.SuiteRunnerWorker.runSuite(SuiteRunnerWorker.java:53)
at org.testng.SuiteRunnerWorker.run(SuiteRunnerWorker.java:96)
at org.testng.TestNG.runSuitesSequentially(TestNG.java:1212)
at org.testng.TestNG.runSuitesLocally(TestNG.java:1134)
at org.testng.TestNG.runSuites(TestNG.java:1063)
at org.testng.TestNG.run(TestNG.java:1031)
at org.testng.remote.AbstractRemoteTestNG.run(AbstractRemoteTestNG.java:115)
at org.testng.remote.RemoteTestNG.initAndRun(RemoteTestNG.java:251)
at org.testng.remote.RemoteTestNG.main(RemoteTestNG.java:77)
]]>
            </full-stacktrace>
          </exception> <!-- java.lang.AssertionError -->
          <reporter-output>
            <line>
              <![CDATA[Test Method is : Test2]]>
            </line>
            <line>
              <![CDATA[<a title="Automation Testing" href="C:\Users\Sparsh\eclipse-workspace\DealTest\\Screenshots\Test2 - 24_11_2021 07_19_29 screenshot.png">Screenshot</a>]]>
            </line>
            <line>
              <![CDATA[Test Failed - screenshot captured for Method : Test2]]>
            </line>
            <line>
              <![CDATA[Status of execution : 2]]>
            </line>
          </reporter-output>
        </test-method> <!-- Test2 -->
      </class> <!-- Dealership.Masterdata -->
    </test> <!-- Test -->
  </suite> <!-- Suite -->
</testng-results>
