<?xml version="1.0" encoding="UTF-8"?>
<testng-results ignored="0" total="2" passed="0" failed="2" skipped="0">
  <reporter-output>
    <line>
      <![CDATA[Test Method is : AddCustomer]]>
    </line>
    <line>
      <![CDATA[<a title="Automation Testing" href="C:\Users\Sparsh\eclipse-workspace\DealTest\\Screenshots\AddCustomer - 22_11_2021 11_28_56 screenshot.png">Screenshot</a>]]>
    </line>
    <line>
      <![CDATA[Test Failed - screenshot captured for Method : AddCustomer]]>
    </line>
    <line>
      <![CDATA[Status of execution : 2]]>
    </line>
    <line>
      <![CDATA[Test Method is : Test2]]>
    </line>
    <line>
      <![CDATA[<a title="Automation Testing" href="C:\Users\Sparsh\eclipse-workspace\DealTest\\Screenshots\Test2 - 22_11_2021 11_29_45 screenshot.png">Screenshot</a>]]>
    </line>
    <line>
      <![CDATA[Test Failed - screenshot captured for Method : Test2]]>
    </line>
    <line>
      <![CDATA[Status of execution : 2]]>
    </line>
  </reporter-output>
  <suite started-at="2021-11-22T11:27:47 IST" name="Default suite" finished-at="2021-11-22T11:29:45 IST" duration-ms="118282">
    <groups>
    </groups>
    <test started-at="2021-11-22T11:27:47 IST" name="Default test" finished-at="2021-11-22T11:29:45 IST" duration-ms="118282">
      <class name="Dealership.Masterdata">
        <test-method signature="AddCustomer()[pri:0, instance:Dealership.Masterdata@43ed0ff3]" started-at="2021-11-22T11:27:47 IST" name="AddCustomer" finished-at="2021-11-22T11:28:51 IST" duration-ms="63252" status="FAIL">
          <exception class="java.lang.AssertionError">
            <message>
              <![CDATA[expected [true] but found [false]]]>
            </message>
            <full-stacktrace>
              <![CDATA[java.lang.AssertionError: expected [true] but found [false]
at org.testng.Assert.fail(Assert.java:99)
at org.testng.Assert.failNotEquals(Assert.java:1037)
at org.testng.Assert.assertTrue(Assert.java:45)
at org.testng.Assert.assertTrue(Assert.java:55)
at Dealership.Masterdata.AddCustomer(Masterdata.java:40)
at java.base/jdk.internal.reflect.NativeMethodAccessorImpl.invoke0(Native Method)
at java.base/jdk.internal.reflect.NativeMethodAccessorImpl.invoke(NativeMethodAccessorImpl.java:62)
at java.base/jdk.internal.reflect.DelegatingMethodAccessorImpl.invoke(DelegatingMethodAccessorImpl.java:43)
at java.base/java.lang.reflect.Method.invoke(Method.java:566)
at org.testng.internal.MethodInvocationHelper.invokeMethod(MethodInvocationHelper.java:133)
at org.testng.internal.TestInvoker.invokeMethod(TestInvoker.java:598)
at org.testng.internal.TestInvoker.invokeTestMethod(TestInvoker.java:173)
at org.testng.internal.MethodRunner.runInSequence(MethodRunner.java:46)
at org.testng.internal.TestInvoker$MethodInvocationAgent.invoke(TestInvoker.java:824)
at org.testng.internal.TestInvoker.invokeTestMethods(TestInvoker.java:146)
at org.testng.internal.TestMethodWorker.invokeTestMethods(TestMethodWorker.java:146)
at org.testng.internal.TestMethodWorker.run(TestMethodWorker.java:128)
at java.base/java.util.ArrayList.forEach(ArrayList.java:1541)
at org.testng.TestRunner.privateRun(TestRunner.java:794)
at org.testng.TestRunner.run(TestRunner.java:596)
at org.testng.SuiteRunner.runTest(SuiteRunner.java:377)
at org.testng.SuiteRunner.runSequentially(SuiteRunner.java:371)
at org.testng.SuiteRunner.privateRun(SuiteRunner.java:332)
at org.testng.SuiteRunner.run(SuiteRunner.java:276)
at org.testng.SuiteRunnerWorker.runSuite(SuiteRunnerWorker.java:53)
at org.testng.SuiteRunnerWorker.run(SuiteRunnerWorker.java:96)
at org.testng.TestNG.runSuitesSequentially(TestNG.java:1212)
at org.testng.TestNG.runSuitesLocally(TestNG.java:1134)
at org.testng.TestNG.runSuites(TestNG.java:1063)
at org.testng.TestNG.run(TestNG.java:1031)
at org.testng.remote.AbstractRemoteTestNG.run(AbstractRemoteTestNG.java:115)
at org.testng.remote.RemoteTestNG.initAndRun(RemoteTestNG.java:251)
at org.testng.remote.RemoteTestNG.main(RemoteTestNG.java:77)
]]>
            </full-stacktrace>
          </exception> <!-- java.lang.AssertionError -->
          <reporter-output>
            <line>
              <![CDATA[Test Method is : AddCustomer]]>
            </line>
            <line>
              <![CDATA[<a title="Automation Testing" href="C:\Users\Sparsh\eclipse-workspace\DealTest\\Screenshots\AddCustomer - 22_11_2021 11_28_56 screenshot.png">Screenshot</a>]]>
            </line>
            <line>
              <![CDATA[Test Failed - screenshot captured for Method : AddCustomer]]>
            </line>
            <line>
              <![CDATA[Status of execution : 2]]>
            </line>
          </reporter-output>
        </test-method> <!-- AddCustomer -->
        <test-method signature="Test2()[pri:0, instance:Dealership.Masterdata@43ed0ff3]" started-at="2021-11-22T11:28:56 IST" name="Test2" finished-at="2021-11-22T11:29:45 IST" duration-ms="49621" status="FAIL">
          <exception class="java.lang.AssertionError">
            <message>
              <![CDATA[expected [1234] but found [2324]]]>
            </message>
            <full-stacktrace>
              <![CDATA[java.lang.AssertionError: expected [1234] but found [2324]
at org.testng.Assert.fail(Assert.java:99)
at org.testng.Assert.failNotEquals(Assert.java:1037)
at org.testng.Assert.assertEqualsImpl(Assert.java:140)
at org.testng.Assert.assertEquals(Assert.java:122)
at org.testng.Assert.assertEquals(Assert.java:629)
at org.testng.Assert.assertEquals(Assert.java:639)
at Dealership.Masterdata.Test2(Masterdata.java:50)
at java.base/jdk.internal.reflect.NativeMethodAccessorImpl.invoke0(Native Method)
at java.base/jdk.internal.reflect.NativeMethodAccessorImpl.invoke(NativeMethodAccessorImpl.java:62)
at java.base/jdk.internal.reflect.DelegatingMethodAccessorImpl.invoke(DelegatingMethodAccessorImpl.java:43)
at java.base/java.lang.reflect.Method.invoke(Method.java:566)
at org.testng.internal.MethodInvocationHelper.invokeMethod(MethodInvocationHelper.java:133)
at org.testng.internal.TestInvoker.invokeMethod(TestInvoker.java:598)
at org.testng.internal.TestInvoker.invokeTestMethod(TestInvoker.java:173)
at org.testng.internal.MethodRunner.runInSequence(MethodRunner.java:46)
at org.testng.internal.TestInvoker$MethodInvocationAgent.invoke(TestInvoker.java:824)
at org.testng.internal.TestInvoker.invokeTestMethods(TestInvoker.java:146)
at org.testng.internal.TestMethodWorker.invokeTestMethods(TestMethodWorker.java:146)
at org.testng.internal.TestMethodWorker.run(TestMethodWorker.java:128)
at java.base/java.util.ArrayList.forEach(ArrayList.java:1541)
at org.testng.TestRunner.privateRun(TestRunner.java:794)
at org.testng.TestRunner.run(TestRunner.java:596)
at org.testng.SuiteRunner.runTest(SuiteRunner.java:377)
at org.testng.SuiteRunner.runSequentially(SuiteRunner.java:371)
at org.testng.SuiteRunner.privateRun(SuiteRunner.java:332)
at org.testng.SuiteRunner.run(SuiteRunner.java:276)
at org.testng.SuiteRunnerWorker.runSuite(SuiteRunnerWorker.java:53)
at org.testng.SuiteRunnerWorker.run(SuiteRunnerWorker.java:96)
at org.testng.TestNG.runSuitesSequentially(TestNG.java:1212)
at org.testng.TestNG.runSuitesLocally(TestNG.java:1134)
at org.testng.TestNG.runSuites(TestNG.java:1063)
at org.testng.TestNG.run(TestNG.java:1031)
at org.testng.remote.AbstractRemoteTestNG.run(AbstractRemoteTestNG.java:115)
at org.testng.remote.RemoteTestNG.initAndRun(RemoteTestNG.java:251)
at org.testng.remote.RemoteTestNG.main(RemoteTestNG.java:77)
]]>
            </full-stacktrace>
          </exception> <!-- java.lang.AssertionError -->
          <reporter-output>
            <line>
              <![CDATA[Test Method is : Test2]]>
            </line>
            <line>
              <![CDATA[<a title="Automation Testing" href="C:\Users\Sparsh\eclipse-workspace\DealTest\\Screenshots\Test2 - 22_11_2021 11_29_45 screenshot.png">Screenshot</a>]]>
            </line>
            <line>
              <![CDATA[Test Failed - screenshot captured for Method : Test2]]>
            </line>
            <line>
              <![CDATA[Status of execution : 2]]>
            </line>
          </reporter-output>
        </test-method> <!-- Test2 -->
      </class> <!-- Dealership.Masterdata -->
    </test> <!-- Default test -->
  </suite> <!-- Default suite -->
</testng-results>
