<?xml version="1.0" encoding="UTF-8"?>
<testng-results skipped="0" failed="0" ignored="0" total="1" passed="1">
  <reporter-output>
    <line>
      <![CDATA[Test Method is : Sample]]>
    </line>
    <line>
      <![CDATA[Status of execution : 1]]>
    </line>
  </reporter-output>
  <suite name="Default suite" duration-ms="74570" started-at="2021-11-30T19:55:25 IST" finished-at="2021-11-30T19:56:40 IST">
    <groups>
    </groups>
    <test name="Default test" duration-ms="74570" started-at="2021-11-30T19:55:25 IST" finished-at="2021-11-30T19:56:40 IST">
      <class name="Dealership.Masterdata2">
        <test-method status="PASS" signature="Sample()[pri:0, instance:Dealership.Masterdata2@5890e879]" name="Sample" duration-ms="74332" started-at="2021-11-30T19:55:25 IST" finished-at="2021-11-30T19:56:40 IST">
          <reporter-output>
            <line>
              <![CDATA[Test Method is : Sample]]>
            </line>
            <line>
              <![CDATA[Status of execution : 1]]>
            </line>
          </reporter-output>
        </test-method> <!-- Sample -->
      </class> <!-- Dealership.Masterdata2 -->
    </test> <!-- Default test -->
  </suite> <!-- Default suite -->
</testng-results>
