<?xml version="1.0" encoding="UTF-8"?>
<testng-results skipped="0" failed="0" ignored="0" total="1" passed="1">
  <reporter-output>
    <line>
      <![CDATA[Test Method is : Sample]]>
    </line>
    <line>
      <![CDATA[Status of execution : 1]]>
    </line>
  </reporter-output>
  <suite name="Suite" duration-ms="132745" started-at="2021-11-30T18:16:07 IST" finished-at="2021-11-30T18:18:20 IST">
    <groups>
    </groups>
    <test name="Test" duration-ms="132745" started-at="2021-11-30T18:16:07 IST" finished-at="2021-11-30T18:18:20 IST">
      <class name="Dealership.Masterdata2">
        <test-method status="PASS" signature="Sample()[pri:0, instance:Dealership.Masterdata2@31ea9581]" name="Sample" duration-ms="132683" started-at="2021-11-30T18:16:07 IST" finished-at="2021-11-30T18:18:20 IST">
          <reporter-output>
            <line>
              <![CDATA[Test Method is : Sample]]>
            </line>
            <line>
              <![CDATA[Status of execution : 1]]>
            </line>
          </reporter-output>
        </test-method> <!-- Sample -->
      </class> <!-- Dealership.Masterdata2 -->
    </test> <!-- Test -->
  </suite> <!-- Suite -->
</testng-results>
